<?xml version="1.0" encoding="UTF-8"?>
<!-- Generated by org.testng.reporters.JUnitReportReporter -->
<testsuite hostname="CNI-L-LPT21116" failures="0" tests="2" name="week5codingchallenge.ClassB" time="0.016" errors="0" timestamp="1 Jul 2018 15:52:50 GMT">
  <testcase classname="week5codingchallenge.ClassB" name="methodTest1" time="0.016"/>
  <testcase classname="week5codingchallenge.ClassB" name="methodTest" time="0.000"/>
</testsuite> <!-- week5codingchallenge.ClassB -->
