<?xml version="1.0" encoding="UTF-8"?>
<!-- Generated by org.testng.reporters.JUnitReportReporter -->
<testsuite hostname="CNI-L-LPT21116" failures="0" tests="1" name="week2day1.Login" time="8.010" errors="0" timestamp="3 Jul 2018 15:44:52 GMT">
  <testcase classname="week2day1.Login" name="main" time="8.010"/>
</testsuite> <!-- week2day1.Login -->
