<?xml version="1.0" encoding="UTF-8"?>
<!-- Generated by org.testng.reporters.JUnitReportReporter -->
<testsuite hostname="CNI-L-LPT21116" failures="0" tests="2" name="week5codingchallenge.ClassA" time="0.013" errors="0" timestamp="30 Jun 2018 17:15:01 GMT">
  <testcase classname="week5codingchallenge.ClassA" name="methodTest" time="0.009"/>
  <testcase classname="week5codingchallenge.ClassA" name="methodTest1" time="0.004"/>
</testsuite> <!-- week5codingchallenge.ClassA -->
